
 Ansys Mechanical Enterprise Academic Student      


 *------------------------------------------------------------------*
 |                                                                  |
 |   W E L C O M E   T O   T H E   A N S Y S (R)  P R O G R A M     |
 |                                                                  |
 *------------------------------------------------------------------*




 ***************************************************************
 *         ANSYS MAPDL 2025 R2.04       LEGAL NOTICES          *
 ***************************************************************
 *                                                             *
 * Copyright 1971-2025 Ansys, Inc.  All rights reserved.       *
 * Unauthorized use, distribution or duplication is            *
 * prohibited.                                                 *
 *                                                             *
 * Ansys is a registered trademark of Ansys, Inc. or its       *
 * subsidiaries in the United States or other countries.       *
 * See the Ansys, Inc. online documentation or the Ansys, Inc. *
 * documentation CD or online help for the complete Legal      *
 * Notice.                                                     *
 *                                                             *
 ***************************************************************
 *                                                             *
 * THIS ANSYS SOFTWARE PRODUCT AND PROGRAM DOCUMENTATION       *
 * INCLUDE TRADE SECRETS AND CONFIDENTIAL AND PROPRIETARY      *
 * PRODUCTS OF ANSYS, INC., ITS SUBSIDIARIES, OR LICENSORS.    *
 * The software products and documentation are furnished by    *
 * Ansys, Inc. or its subsidiaries under a software license    *
 * agreement that contains provisions concerning               *
 * non-disclosure, copying, length and nature of use,          *
 * compliance with exporting laws, warranties, disclaimers,    *
 * limitations of liability, and remedies, and other           *
 * provisions.  The software products and documentation may be *
 * used, disclosed, transferred, or copied only in accordance  *
 * with the terms and conditions of that software license      *
 * agreement.                                                  *
 *                                                             *
 * Ansys, Inc. is a UL registered                              *
 * ISO 9001:2015 company.                                      *
 *                                                             *
 ***************************************************************
 *                                                             *
 * This product is subject to U.S. laws governing export and   *
 * re-export.                                                  *
 *                                                             *
 * For U.S. Government users, except as specifically granted   *
 * by the Ansys, Inc. software license agreement, the use,     *
 * duplication, or disclosure by the United States Government  *
 * is subject to restrictions stated in the Ansys, Inc.        *
 * software license agreement and FAR 12.212 (for non-DOD      *
 * licenses).                                                  *
 *                                                             *
 ***************************************************************

 2025 R2.04  
     
 Point Releases and Patches installed:   
     
 Discovery 2025 R2   
 Core WB Files 2025 R2   
 optiSLang 2025 R2   
 CFX (includes CFD-Post) 2025 R2 
 Chemkin 2025 R2 
 EnSight 2025 R2 
 FENSAP-ICE 2025 R2  
 Fluent (includes CFD-Post) 2025 R2  
 Polyflow (includes CFD-Post) 2025 R2
 Forte (includes EnSight) 2025 R2
 Rocky 2025 R2   
 TurboGrid 2025 R2   
 ACIS Geometry Interface 2025 R2 
 AutoCAD Geometry Interface 2025 R2  
 Catia, Version 4 Geometry Interface 2025 R2 
 Catia, Version 5 Geometry Interface 2025 R2 
 Catia, Version 6 Geometry Interface 2025 R2 
 Creo Elements/Direct Modeling Geometry Interface 2025 R2
 Creo Parametric Geometry Interface 2025 R2  
 Inventor Geometry Interface 2025 R2 
 JTOpen Geometry Interface 2025 R2   
 NX Geometry Interface 2025 R2   
 Parasolid Geometry Interface  2025 R2   
 Solid Edge Geometry Interface 2025 R2   
 SOLIDWORKS Geometry Interface 2025 R2   
 Speos 2025 R2   
 SpaceClaim 2025 R2  
 Speos RPC 2025 R2   
 Zemax OpticStudio 2025 R2   
 Dynamic Reporting 2025 R2   
 Aqwa 2025 R2
 Autodyn 2025 R2 
 Material Calibration App 2025 R2
 Mechanical Products 2025 R2 
 Motion 2025 R2  
 Academic Student 2025 R2


          *****  MAPDL COMMAND LINE ARGUMENTS  *****
  BATCH MODE REQUESTED (-b)    = NOLIST
  INPUT FILE COPY MODE (-c)    = COPY
  DISTRIBUTED MEMORY PARALLEL REQUESTED
       4 PARALLEL PROCESSES REQUESTED WITH SINGLE THREAD PER PROCESS
    TOTAL OF     4 CORES REQUESTED
  INPUT FILE NAME              = C:\Users\saluc\Documents\GitHub\Hallf2\_ProjectScratch\ScrACD4\dummy.dat
  OUTPUT FILE NAME             = C:\Users\saluc\Documents\GitHub\Hallf2\_ProjectScratch\ScrACD4\solve.out
  START-UP FILE MODE           = NOREAD
  STOP FILE MODE               = NOREAD

 RELEASE= 2025 R2.04           BUILD= 25.2      UP20251105   VERSION=WINDOWS x64 
 CURRENT JOBNAME=file0  09:11:58  APR 21, 2026 CP=      0.125


 PARAMETER _DS_PROGRESS =     999.0000000    

 /INPUT FILE= ds.dat  LINE=       0



 *** NOTE ***                            CP =       0.484   TIME= 09:11:59
 The /CONFIG,NOELDB command is not valid in a distributed memory         
 parallel solution.  Command is ignored.                                 

 *GET  _WALLSTRT  FROM  ACTI  ITEM=TIME WALL  VALUE=  9.19972222    

 TITLE= 
 ansys--Static Structural (A5)                                                 

  ACT Extensions:
      LSDYNA, 2025.2
      5f463412-bd3e-484b-87e7-cbc0a665e474, wbex
 /COM,     ANSYSMotion, 2025.2
      20180725-3f81-49eb-9f31-41364844c769, wbex
  

 SET PARAMETER DIMENSIONS ON  _WB_PROJECTSCRATCH_DIR
  TYPE=STRI  DIMENSIONS=      248        1        1

 PARAMETER _WB_PROJECTSCRATCH_DIR(1) = C:\Users\saluc\Documents\GitHub\Hallf2\_ProjectScratch\ScrACD4\

 SET PARAMETER DIMENSIONS ON  _WB_SOLVERFILES_DIR
  TYPE=STRI  DIMENSIONS=      248        1        1

 PARAMETER _WB_SOLVERFILES_DIR(1) = C:\Users\saluc\Documents\GitHub\Hallf2\ansys_files\dp0\SYS\MECH\

 SET PARAMETER DIMENSIONS ON  _WB_USERFILES_DIR
  TYPE=STRI  DIMENSIONS=      248        1        1

 PARAMETER _WB_USERFILES_DIR(1) = C:\Users\saluc\Documents\GitHub\Hallf2\ansys_files\user_files\
 --- Data in consistent MKS units. See Solving Units in the help system for more

 MKS UNITS SPECIFIED FOR INTERNAL    
  LENGTH        (l)  = METER (M)
  MASS          (M)  = KILOGRAM (KG)
  TIME          (t)  = SECOND (SEC)
  TEMPERATURE   (T)  = CELSIUS (C)
  TOFFSET            = 273.0
  CHARGE        (Q)  = COULOMB
  FORCE         (f)  = NEWTON (N) (KG-M/SEC2)
  HEAT               = JOULE (N-M)

  PRESSURE           = PASCAL (NEWTON/M**2)
  ENERGY        (W)  = JOULE (N-M)
  POWER         (P)  = WATT (N-M/SEC)
  CURRENT       (i)  = AMPERE (COULOMBS/SEC)
  CAPACITANCE   (C)  = FARAD
  INDUCTANCE    (L)  = HENRY
  MAGNETIC FLUX      = WEBER
  RESISTANCE    (R)  = OHM
  ELECTRIC POTENTIAL = VOLT

 INPUT  UNITS ARE ALSO SET TO MKS 

 *** MAPDL - ENGINEERING ANALYSIS SYSTEM  RELEASE 2025 R2.04       25.2     ***
 Ansys Mechanical Enterprise Academic Student      
 01055371  VERSION=WINDOWS x64   09:11:59  APR 21, 2026 CP=      0.516

 ansys--Static Structural (A5)                                                 



          ***** MAPDL ANALYSIS DEFINITION (PREP7) *****
 *********** Send User Defined Coordinate System(s) ***********
 *********** Nodes for the whole assembly ***********
 *********** Elements for Body 1 'Beam (Rectangular Tube)' ***********
 *********** Elements for Body 2 'Beam (Rectangular Tube)' ***********
 *********** Elements for Body 3 'Beam (Rectangular Tube2)' ***********
 *********** Elements for Body 4 'Beam (Rectangular Tube2)' ***********
 *********** Set Reference Temperature ***********
 *********** Send Materials ***********
 *********** Send Beam Properties ***********
 *********** Create Displacement Components For Use In Future MSUP or Multistage
 *********** Create Displacement Components For Use In Future MSUP or Multistage
 *********** Create Displacement Components For Use In Future MSUP or Multistage
 *********** Create Displacement Components For Use In Future MSUP or Multistage
 *********** Create Displacement Components For Use In Future MSUP or Multistage
 *********** Fixed Supports ***********
 ******* Constant Zero Displacement Y *******
 ******* Constant Zero Displacement Z *******
 *********** Define Vertex Force Using Follower Elements ***********


 ***** ROUTINE COMPLETED *****  CP =         0.641


 --- Number of total nodes = 108
 --- Number of contact elements = 0
 --- Number of spring elements = 0
 --- Number of bearing elements = 0
 --- Number of solid elements = 54
 --- Number of condensed parts = 0
 --- Number of total elements = 57

 *GET  _WALLBSOL  FROM  ACTI  ITEM=TIME WALL  VALUE=  9.19972222    
 ****************************************************************************
 *************************    SOLUTION       ********************************
 ****************************************************************************

 *****  MAPDL SOLUTION ROUTINE  *****


 PERFORM A STATIC ANALYSIS
  THIS WILL BE A NEW ANALYSIS

 PARAMETER _THICKRATIO =     0.000000000    

 USE SPARSE MATRIX DIRECT SOLVER

 CONTACT INFORMATION PRINTOUT LEVEL       1

 NLDIAG: Nonlinear diagnostics CONT option is set to ON. 
         Writing frequency : each ITERATION.

 DEFINE RESTART CONTROL FOR LOADSTEP LAST
 AT FREQUENCY OF LAST AND NUMBER FOR OVERWRITE IS   -1

 WRITE MULTIFRAME RESTART FILES EVEN
 WHEN IT IS A LINEAR STATIC ANALYSIS
 ****************************************************
 ******************* SOLVE FOR LS 1 OF 1 ****************

 SELECT       FOR ITEM=REAL COMPONENT=    
  IN RANGE         5 TO          5 STEP          1

          1  ELEMENTS (OF         57  DEFINED) SELECTED BY  ESEL  COMMAND.

 SPECIFIED SURFACE LOAD PRES FOR ALL SELECTED ELEMENTS  LKEY =  1   KVAL = 1
     VALUES =     0.0000         0.0000         0.0000         0.0000    

 SELECT       FOR ITEM=REAL COMPONENT=    
  IN RANGE         6 TO          6 STEP          1

          1  ELEMENTS (OF         57  DEFINED) SELECTED BY  ESEL  COMMAND.

 SPECIFIED SURFACE LOAD PRES FOR ALL SELECTED ELEMENTS  LKEY =  1   KVAL = 1
     VALUES =     0.0000         0.0000         0.0000         0.0000    

 SELECT       FOR ITEM=REAL COMPONENT=    
  IN RANGE         7 TO          7 STEP          1

          1  ELEMENTS (OF         57  DEFINED) SELECTED BY  ESEL  COMMAND.

 SPECIFIED SURFACE LOAD PRES FOR ALL SELECTED ELEMENTS  LKEY =  1   KVAL = 1
     VALUES =     1.0000         1.0000         1.0000         1.0000    

 ALL SELECT   FOR ITEM=ELEM COMPONENT=    
  IN RANGE         1 TO         57 STEP          1

         57  ELEMENTS (OF         57  DEFINED) SELECTED BY  ESEL  COMMAND.

 PRINTOUT RESUMED BY /GOP

 USE       1 SUBSTEPS INITIALLY THIS LOAD STEP FOR ALL  DEGREES OF FREEDOM
 FOR AUTOMATIC TIME STEPPING:
   USE      1 SUBSTEPS AS A MAXIMUM
   USE      1 SUBSTEPS AS A MINIMUM

 TIME=  1.0000    

 ERASE THE CURRENT DATABASE OUTPUT CONTROL TABLE.


 WRITE ALL  ITEMS TO THE DATABASE WITH A FREQUENCY OF NONE
   FOR ALL APPLICABLE ENTITIES

 WRITE NSOL ITEMS TO THE DATABASE WITH A FREQUENCY OF ALL 
   FOR ALL APPLICABLE ENTITIES

 WRITE RSOL ITEMS TO THE DATABASE WITH A FREQUENCY OF ALL 
   FOR ALL APPLICABLE ENTITIES

 WRITE EANG ITEMS TO THE DATABASE WITH A FREQUENCY OF ALL 
   FOR ALL APPLICABLE ENTITIES

 WRITE ETMP ITEMS TO THE DATABASE WITH A FREQUENCY OF ALL 
   FOR ALL APPLICABLE ENTITIES

 WRITE VENG ITEMS TO THE DATABASE WITH A FREQUENCY OF ALL 
   FOR ALL APPLICABLE ENTITIES

 WRITE STRS ITEMS TO THE DATABASE WITH A FREQUENCY OF ALL 
   FOR ALL APPLICABLE ENTITIES

 WRITE EPEL ITEMS TO THE DATABASE WITH A FREQUENCY OF ALL 
   FOR ALL APPLICABLE ENTITIES

 WRITE EPPL ITEMS TO THE DATABASE WITH A FREQUENCY OF ALL 
   FOR ALL APPLICABLE ENTITIES

 WRITE CONT ITEMS TO THE DATABASE WITH A FREQUENCY OF ALL 
   FOR ALL APPLICABLE ENTITIES

 PRINTOUT RESUMED BY /GOP

 WRITE MISC ITEMS TO THE DATABASE WITH A FREQUENCY OF ALL 
   FOR THE ENTITIES DEFINED BY COMPONENT _ELMISC 

 *GET  ANSINTER_  FROM  ACTI  ITEM=INT        VALUE=  0.00000000    

 *IF  ANSINTER_  ( =   0.00000     )  NE  
      0  ( =   0.00000     )  THEN    

 *ENDIF

 *** NOTE ***                            CP =       0.766   TIME= 09:11:59
 The automatic domain decomposition logic has selected the MESH domain   
 decomposition method with 4 processes per solution.                     

 *****  MAPDL SOLVE    COMMAND  *****

 *** WARNING ***                         CP =       0.828   TIME= 09:11:59
 Element shape checking is currently inactive.  Issue SHPP,ON or         
 SHPP,WARN to reactivate, if desired.                                    

 *** NOTE ***                            CP =       0.828   TIME= 09:11:59
 The model data was checked and warning messages were found.             
  Please review output or errors file (                                  
 C:\Users\saluc\Documents\GitHub\Hallf2\_ProjectScratch\ScrACD4\file0.er 
 rr ) for these warning messages.                                        

 *** SELECTION OF ELEMENT TECHNOLOGIES FOR APPLICABLE ELEMENTS ***
      --- GIVE SUGGESTIONS AND RESET THE KEY OPTIONS ---

 ELEMENT TYPE         1 IS BEAM188 . KEYOPT(1)=1 IS SUGGESTED FOR NON-CIRCULAR CROSS
 SECTIONS AND KEYOPT(3) IS ALREADY SET AS SUGGESTED. KEYOPT(1) CAN NOT BE RESET
 HERE. PLEASE RESET IT MANUALLY ACCORDING TO CROSS SECTION TYPES IF NECESSARY.

 ELEMENT TYPE         1 IS BEAM188 . KEYOPT(15) IS ALREADY SET AS SUGGESTED AND NO
 RESETTING IS NEEDED.

 ELEMENT TYPE         2 IS BEAM188 . KEYOPT(1)=1 IS SUGGESTED FOR NON-CIRCULAR CROSS
 SECTIONS AND KEYOPT(3) IS ALREADY SET AS SUGGESTED. KEYOPT(1) CAN NOT BE RESET
 HERE. PLEASE RESET IT MANUALLY ACCORDING TO CROSS SECTION TYPES IF NECESSARY.

 ELEMENT TYPE         2 IS BEAM188 . KEYOPT(15) IS ALREADY SET AS SUGGESTED AND NO
 RESETTING IS NEEDED.

 ELEMENT TYPE         3 IS BEAM188 . KEYOPT(1)=1 IS SUGGESTED FOR NON-CIRCULAR CROSS
 SECTIONS AND KEYOPT(3) IS ALREADY SET AS SUGGESTED. KEYOPT(1) CAN NOT BE RESET
 HERE. PLEASE RESET IT MANUALLY ACCORDING TO CROSS SECTION TYPES IF NECESSARY.

 ELEMENT TYPE         3 IS BEAM188 . KEYOPT(15) IS ALREADY SET AS SUGGESTED AND NO
 RESETTING IS NEEDED.

 ELEMENT TYPE         4 IS BEAM188 . KEYOPT(1)=1 IS SUGGESTED FOR NON-CIRCULAR CROSS
 SECTIONS AND KEYOPT(3) IS ALREADY SET AS SUGGESTED. KEYOPT(1) CAN NOT BE RESET
 HERE. PLEASE RESET IT MANUALLY ACCORDING TO CROSS SECTION TYPES IF NECESSARY.

 ELEMENT TYPE         4 IS BEAM188 . KEYOPT(15) IS ALREADY SET AS SUGGESTED AND NO
 RESETTING IS NEEDED.



 *** MAPDL - ENGINEERING ANALYSIS SYSTEM  RELEASE 2025 R2.04       25.2     ***
 Ansys Mechanical Enterprise Academic Student      
 01055371  VERSION=WINDOWS x64   09:11:59  APR 21, 2026 CP=      0.828

 ansys--Static Structural (A5)                                                 



                       S O L U T I O N   O P T I O N S

   PROBLEM DIMENSIONALITY. . . . . . . . . . . . .3-D                  
   DEGREES OF FREEDOM. . . . . . UX   UY   UZ   ROTX ROTY ROTZ
   ANALYSIS TYPE . . . . . . . . . . . . . . . . .STATIC (STEADY-STATE)
   OFFSET TEMPERATURE FROM ABSOLUTE ZERO . . . . .  273.15    
   EQUATION SOLVER OPTION. . . . . . . . . . . . .SPARSE             
   GLOBALLY ASSEMBLED MATRIX . . . . . . . . . . .SYMMETRIC  

 *** WARNING ***                         CP =       0.828   TIME= 09:11:59
 Material number 5 (used by element 55) should normally have at least    
 one MP or one TB type command associated with it.  Output of energy by  
 material may not be available.                                          

 *** NOTE ***                            CP =       0.828   TIME= 09:11:59
 The step data was checked and warning messages were found.              
  Please review output or errors file (                                  
 C:\Users\saluc\Documents\GitHub\Hallf2\_ProjectScratch\ScrACD4\file0.er 
 rr ) for these warning messages.                                        

 *** NOTE ***                            CP =       0.828   TIME= 09:11:59
 Internal nodes from 109 to 162 are created.                             
 54 internal nodes are used for quadratic and/or cubic options of        
 BEAM188, PIPE288, and/or SHELL208.                                      

  
  
     D I S T R I B U T E D   D O M A I N   D E C O M P O S E R
  
  ...Number of elements: 57
  ...Number of nodes:    162
  ...Decompose to 4 CPU domains
  ...Element load balance ratio =     1.071


                      L O A D   S T E P   O P T I O N S

   LOAD STEP NUMBER. . . . . . . . . . . . . . . .     1
   TIME AT END OF THE LOAD STEP. . . . . . . . . .  1.0000    
   NUMBER OF SUBSTEPS. . . . . . . . . . . . . . .     1
   STEP CHANGE BOUNDARY CONDITIONS . . . . . . . .    NO
   PRINT OUTPUT CONTROLS . . . . . . . . . . . . .NO PRINTOUT
   DATABASE OUTPUT CONTROLS
      ITEM     FREQUENCY   COMPONENT
       ALL       NONE               
      NSOL        ALL               
      RSOL        ALL               
      EANG        ALL               
      ETMP        ALL               
      VENG        ALL               
      STRS        ALL               
      EPEL        ALL               
      EPPL        ALL               
      CONT        ALL               
      MISC        ALL       _ELMISC 


 SOLUTION MONITORING INFO IS WRITTEN TO FILE= file.mntr                                                                                                                                                                                                                                                           

 *** NOTE ***                            CP =       1.672   TIME= 09:11:59
 Predictor is ON by default for structural elements with rotational      
 degrees of freedom.  Use the PRED,OFF command to turn the predictor     
 OFF if it adversely affects the convergence.                            


 *** WARNING ***                         CP =       1.688   TIME= 09:11:59
 A boundary condition has been applied on 1 degrees of freedom of the    
 node belonging to the FOLLW201 element number 55.                       

 *** WARNING ***                         CP =       1.688   TIME= 09:11:59
 A boundary condition has been applied on 1 degrees of freedom of the    
 node belonging to the FOLLW201 element number 56.                       

 *** WARNING ***                         CP =       1.688   TIME= 09:11:59
 A boundary condition has been applied on 1 degrees of freedom of the    
 node belonging to the FOLLW201 element number 57.                       


                         ***********  PRECISE MASS SUMMARY  ***********

   TOTAL RIGID BODY MASS MATRIX ABOUT ORIGIN
               Translational mass               |   Coupled translational/rotational mass
         149.46        0.0000        0.0000     |     0.0000       -970.26        0.0000    
         0.0000        149.46        0.0000     |     970.26        0.0000        373.21    
         0.0000        0.0000        149.46     |     0.0000       -373.21        0.0000    
     ------------------------------------------ | ------------------------------------------
                                                |         Rotational mass (inertia)
                                                |     7583.3        0.0000        2422.7    
                                                |     0.0000        9077.7       0.22857E-16
                                                |     2422.7       0.22857E-16    1494.6    

   TOTAL MASS =  149.46    
     The mass principal axes coincide with the global Cartesian axes

   CENTER OF MASS (X,Y,Z)=    2.4970        0.0000       -6.4916    

   TOTAL INERTIA ABOUT CENTER OF MASS
         1284.7        0.0000      -0.45475E-12
         0.0000        1847.3       0.22857E-16
       -0.45475E-12   0.22857E-16    562.67    
     The inertia principal axes coincide with the global Cartesian axes


  *** MASS SUMMARY BY ELEMENT TYPE ***

  TYPE      MASS
     1   30.1440    
     2   30.1440    
     3   44.5880    
     4   44.5880    

 Range of element maximum matrix coefficients in global coordinates
 Maximum = 2.181120002E+09 at element 51.                                
 Minimum = 737279999 at element 16.                                      

   *** ELEMENT MATRIX FORMULATION TIMES
     TYPE    NUMBER   ENAME      TOTAL CP  AVE CP

        1        18  BEAM188       0.000   0.000000
        2        18  BEAM188       0.000   0.000000
        3         9  BEAM188       0.000   0.000000
        4         9  BEAM188       0.000   0.000000
        5         3  CLOAD201      0.000   0.000000
 Time at end of element matrix formulation CP = 1.6875.                  

 ALL CURRENT MAPDL DATA WRITTEN TO FILE NAME= file.rdb
  FOR POSSIBLE RESUME FROM THIS POINT

 DISTRIBUTED SPARSE MATRIX DIRECT SOLVER.
  Number of equations =         628,    Maximum wavefront =     36


  Memory allocated on only this MPI rank (rank     0)
  -------------------------------------------------------------------
  Equation solver memory allocated                     =     0.400 MB
  Equation solver memory required for in-core mode     =     0.384 MB
  Equation solver memory required for out-of-core mode =     0.384 MB
  Total (solver and non-solver) memory allocated       =   372.502 MB


  Total memory summed across all MPI ranks on this machines
  -------------------------------------------------------------------
  Equation solver memory allocated                     =     1.613 MB
  Equation solver memory required for in-core mode     =     1.548 MB
  Equation solver memory required for out-of-core mode =     1.548 MB
  Total (solver and non-solver) memory allocated       =   669.457 MB

 *** NOTE ***                            CP =       1.719   TIME= 09:11:59
 The Distributed Sparse Matrix Solver is currently running in the        
 in-core memory mode.  This memory mode uses the most amount of memory   
 in order to avoid using the hard drive as much as possible, which most  
 often results in the fastest solution time.  This mode is recommended   
 if enough physical memory is present to accommodate all of the solver   
 data.                                                                   
 Distributed sparse solver maximum pivot= 817920000 at node 46 UX.       
 Distributed sparse solver minimum pivot= 1684.77929 at node 52 UX.      
 Distributed sparse solver minimum pivot in absolute value= 1684.77929   
 at node 52 UX.                                                          

   *** ELEMENT RESULT CALCULATION TIMES
     TYPE    NUMBER   ENAME      TOTAL CP  AVE CP

        1        18  BEAM188       0.000   0.000000
        2        18  BEAM188       0.000   0.000000
        3         9  BEAM188       0.000   0.000000
        4         9  BEAM188       0.000   0.000000
        5         3  CLOAD201      0.000   0.000000

   *** NODAL LOAD CALCULATION TIMES
     TYPE    NUMBER   ENAME      TOTAL CP  AVE CP

        1        18  BEAM188       0.000   0.000000
        2        18  BEAM188       0.000   0.000000
        3         9  BEAM188       0.000   0.000000
        4         9  BEAM188       0.000   0.000000
        5         3  CLOAD201      0.000   0.000000
 *** LOAD STEP     1   SUBSTEP     1  COMPLETED.    CUM ITER =      1
 *** TIME =   1.00000         TIME INC =   1.00000      NEW TRIANG MATRIX


 *** MAPDL BINARY FILE STATISTICS
  BUFFER SIZE USED= 16384
        0.062 MB WRITTEN ON ELEMENT MATRIX FILE: file0.emat
        0.375 MB WRITTEN ON ELEMENT SAVED DATA FILE: file0.esav
        0.062 MB WRITTEN ON ASSEMBLED MATRIX FILE: file0.full
        0.375 MB WRITTEN ON RESULTS FILE: file0.rst
 *************** Write FE CONNECTORS *********

 WRITE OUT CONSTRAINT EQUATIONS TO FILE= file.ce                                                                                                                                                                                                                                                             
 ****************************************************
 *************** FINISHED SOLVE FOR LS 1 *************

 *GET  _WALLASOL  FROM  ACTI  ITEM=TIME WALL  VALUE=  9.19972222    

 PRINTOUT RESUMED BY /GOP

 FINISH SOLUTION PROCESSING


 ***** ROUTINE COMPLETED *****  CP =         1.828



 *** MAPDL - ENGINEERING ANALYSIS SYSTEM  RELEASE 2025 R2.04       25.2     ***
 Ansys Mechanical Enterprise Academic Student      
 01055371  VERSION=WINDOWS x64   09:11:59  APR 21, 2026 CP=      1.828

 ansys--Static Structural (A5)                                                 



          ***** MAPDL RESULTS INTERPRETATION (POST1) *****

 *** NOTE ***                            CP =       1.828   TIME= 09:11:59
 Reading results into the database (SET command) will update the current 
 displacement and force boundary conditions in the database with the     
 values from the results file for that load set.  Note that any          
 subsequent solutions will use these values unless action is taken to    
 either SAVE the current values or not overwrite them (/EXIT,NOSAVE).    

 Set Encoding of XML File to:ISO-8859-1

 Set Output of XML File to:
     PARM,     ,     ,     ,     ,     ,     ,     ,     ,     ,     ,     ,
         ,     ,     ,     ,     ,     ,     ,

 DATABASE WRITTEN ON FILE  parm.xml                                                                                                                                                                                                                                                            

 EXIT THE MAPDL POST1 DATABASE PROCESSOR


 ***** ROUTINE COMPLETED *****  CP =         1.844



 PRINTOUT RESUMED BY /GOP

 *GET  _WALLDONE  FROM  ACTI  ITEM=TIME WALL  VALUE=  9.19972222    

 PARAMETER _PREPTIME =     0.000000000    

 PARAMETER _SOLVTIME =     0.000000000    

 PARAMETER _POSTTIME =     0.000000000    

 PARAMETER _TOTALTIM =     0.000000000    

 *GET  _DLBRATIO  FROM  ACTI  ITEM=SOLU DLBR  VALUE=  1.07142857    

 *GET  _COMBTIME  FROM  ACTI  ITEM=SOLU COMB  VALUE= 0.406856000E-01

 *GET  _SSMODE   FROM  ACTI  ITEM=SOLU SSMM  VALUE=  2.00000000    

 *GET  _NDOFS    FROM  ACTI  ITEM=SOLU NDOF  VALUE=  628.000000    
 --- Total number of nodes = 108
 --- Total number of elements = 57
 --- Element load balance ratio = 1.07142857
 --- Time to combine distributed files = 4.06856E-02
 --- Sparse memory mode = 2
 --- Number of DOF = 628

 EXIT MAPDL WITHOUT SAVING DATABASE


 NUMBER OF WARNING MESSAGES ENCOUNTERED=          5
 NUMBER OF ERROR   MESSAGES ENCOUNTERED=          0

+--------------------- M A P D L   S T A T I S T I C S ------------------------+

Release: 2025 R2.04         Build: 25.2       Update: UP20251105   Platform: WINDOWS x64 
Date Run: 04/21/2026   Time: 09:12     Process ID: 15888
Operating System: Windows 11  (Build: 26200)

Processor Model: AMD Ryzen 5 5500U with Radeon Graphics

Compiler: Intel(R) Fortran Compiler Classic Version 2021.9  (Build: 20230302)
          Intel(R) C/C++ Compiler Classic Version 2021.9  (Build: 20230302)
          AOCL-BLAS 5.0.1 Build 20250320

Number of machines requested            :    1
Total number of cores available         :   12
Number of physical cores available      :    6
Number of processes requested           :    4
Number of threads per process requested :    1
Total number of cores requested         :    4 (Distributed Memory Parallel)               
MPI Type: INTELMPI
MPI Version: Intel(R) MPI Library 2021.14 for Windows* OS


GPU Acceleration: Not Requested

Job Name: file0
Input File: dummy.dat

  Core                Machine Name   Working Directory
 -----------------------------------------------------
     0                       Lucas   C:\Users\saluc\Documents\GitHub\Hallf2\_ProjectScratch\ScrACD4
     1                       Lucas   C:\Users\saluc\Documents\GitHub\Hallf2\_ProjectScratch\ScrACD4
     2                       Lucas   C:\Users\saluc\Documents\GitHub\Hallf2\_ProjectScratch\ScrACD4
     3                       Lucas   C:\Users\saluc\Documents\GitHub\Hallf2\_ProjectScratch\ScrACD4
 
Latency time from master to core     1 =    5.585 microseconds
Latency time from master to core     2 =    5.408 microseconds
Latency time from master to core     3 =    5.607 microseconds
 
Communication speed from master to core     1 =  1438.46 MB/sec
Communication speed from master to core     2 =  1428.38 MB/sec
Communication speed from master to core     3 =  2382.46 MB/sec

Total CPU time for main thread                    :        1.3 seconds
Total CPU time summed for all threads             :        2.5 seconds

Elapsed time spent obtaining a license            :        0.6 seconds
Elapsed time spent pre-processing model (/PREP7)  :        0.0 seconds
Elapsed time spent solution - preprocessing       :        0.1 seconds
Elapsed time spent computing solution             :        0.2 seconds
Elapsed time spent solution - postprocessing      :        0.0 seconds
Elapsed time spent post-processing model (/POST1) :        0.0 seconds
 
Equation solver used                              :            Sparse (symmetric)

Sum of disk space used on all processes           :        4.4 MB

Sum of memory used on all processes               :      188.0 MB
Sum of memory allocated on all processes          :     2880.0 MB
Physical memory available                         :         14 GB
Total amount of I/O written to disk               :        0.0 GB
Total amount of I/O read from disk                :        0.0 GB

+------------------ E N D   M A P D L   S T A T I S T I C S -------------------+


 *-----------------------------------------------------------------------------*
 |                                                                             |
 |                               RUN COMPLETED                                 |
 |                                                                             |
 |-----------------------------------------------------------------------------|
 |                                                                             |
 |  Ansys MAPDL 2025 R2.04      Build 25.2         UP20251105    WINDOWS x64   |
 |                                                                             |
 |-----------------------------------------------------------------------------|
 |                                                                             |
 |  Database Requested(-db)     1024 MB     Scratch Memory Requested   1024 MB |
 |  Max Database Used(Master)      1 MB     Max Scratch Used(Master)     46 MB |
 |  Max Database Used(Workers)     1 MB     Max Scratch Used(Workers)    46 MB |
 |  Sum Database Used(All)         4 MB     Sum Scratch Used(All)       184 MB |
 |                                                                             |
 |-----------------------------------------------------------------------------|
 |                                                                             |
 |        CP Time      (sec) =          2.469       Time  =  09:12:10          |
 |        Elapsed Time (sec) =         18.000       Date  =  04/21/2026        |
 |                                                                             |
 *-----------------------------------------------------------------------------*
